<?xml version="1.0" encoding="UTF-8"?>
<!-- Generated by org.testng.reporters.JUnitReportReporter -->
<testsuite hostname="schaumburg5TusHome" failures="0" tests="1" name="test.com.itexps.CalculatorTest" time="0.008" errors="0" timestamp="24 Aug 2024 17:07:46 GMT">
  <testcase classname="test.com.itexps.CalculatorTest" name="testAdd" time="0.008"/>
</testsuite> <!-- test.com.itexps.CalculatorTest -->
